<?xml version="1.0" encoding="UTF-8"?>
<testsuite xmlns:xsi="http://www.w3.org/2001/XMLSchema-instance" xsi:noNamespaceSchemaLocation="https://maven.apache.org/surefire/maven-surefire-plugin/xsd/surefire-test-report.xsd" name="TestSuite" time="34.045" tests="4" errors="0" skipped="0" failures="1">
  <properties>
    <property name="java.specification.version" value="13"/>
    <property name="sun.jnu.encoding" value="UTF-8"/>
    <property name="java.class.path" value="/Users/alexandergonzalezfernandez/.m2/repository/org/apache/maven/surefire/surefire-booter/2.22.0/surefire-booter-2.22.0.jar:/Users/alexandergonzalezfernandez/.m2/repository/org/apache/maven/surefire/surefire-api/2.22.0/surefire-api-2.22.0.jar:/Users/alexandergonzalezfernandez/.m2/repository/org/apache/maven/surefire/surefire-logger-api/2.22.0/surefire-logger-api-2.22.0.jar:/Users/alexandergonzalezfernandez/Automation101-3Periodo2020/DemoCart-Framework/target/test-classes:/Users/alexandergonzalezfernandez/Automation101-3Periodo2020/DemoCart-Framework/target/classes:/Users/alexandergonzalezfernandez/.m2/repository/org/testng/testng/7.3.0/testng-7.3.0.jar:/Users/alexandergonzalezfernandez/.m2/repository/com/beust/jcommander/1.78/jcommander-1.78.jar:/Users/alexandergonzalezfernandez/.m2/repository/org/apache/ant/ant/1.10.3/ant-1.10.3.jar:/Users/alexandergonzalezfernandez/.m2/repository/org/apache/ant/ant-launcher/1.10.3/ant-launcher-1.10.3.jar:/Users/alexandergonzalezfernandez/.m2/repository/junit/junit/4.12/junit-4.12.jar:/Users/alexandergonzalezfernandez/.m2/repository/org/hamcrest/hamcrest-core/1.3/hamcrest-core-1.3.jar:/Users/alexandergonzalezfernandez/.m2/repository/com/google/inject/guice/4.2.2/guice-4.2.2-no_aop.jar:/Users/alexandergonzalezfernandez/.m2/repository/javax/inject/javax.inject/1/javax.inject-1.jar:/Users/alexandergonzalezfernandez/.m2/repository/aopalliance/aopalliance/1.0/aopalliance-1.0.jar:/Users/alexandergonzalezfernandez/.m2/repository/org/yaml/snakeyaml/1.21/snakeyaml-1.21.jar:/Users/alexandergonzalezfernandez/.m2/repository/org/seleniumhq/selenium/selenium-java/3.141.59/selenium-java-3.141.59.jar:/Users/alexandergonzalezfernandez/.m2/repository/org/seleniumhq/selenium/selenium-api/3.141.59/selenium-api-3.141.59.jar:/Users/alexandergonzalezfernandez/.m2/repository/org/seleniumhq/selenium/selenium-chrome-driver/3.141.59/selenium-chrome-driver-3.141.59.jar:/Users/alexandergonzalezfernandez/.m2/repository/org/seleniumhq/selenium/selenium-edge-driver/3.141.59/selenium-edge-driver-3.141.59.jar:/Users/alexandergonzalezfernandez/.m2/repository/org/seleniumhq/selenium/selenium-firefox-driver/3.141.59/selenium-firefox-driver-3.141.59.jar:/Users/alexandergonzalezfernandez/.m2/repository/org/seleniumhq/selenium/selenium-ie-driver/3.141.59/selenium-ie-driver-3.141.59.jar:/Users/alexandergonzalezfernandez/.m2/repository/org/seleniumhq/selenium/selenium-opera-driver/3.141.59/selenium-opera-driver-3.141.59.jar:/Users/alexandergonzalezfernandez/.m2/repository/org/seleniumhq/selenium/selenium-remote-driver/3.141.59/selenium-remote-driver-3.141.59.jar:/Users/alexandergonzalezfernandez/.m2/repository/org/seleniumhq/selenium/selenium-safari-driver/3.141.59/selenium-safari-driver-3.141.59.jar:/Users/alexandergonzalezfernandez/.m2/repository/org/seleniumhq/selenium/selenium-support/3.141.59/selenium-support-3.141.59.jar:/Users/alexandergonzalezfernandez/.m2/repository/net/bytebuddy/byte-buddy/1.8.15/byte-buddy-1.8.15.jar:/Users/alexandergonzalezfernandez/.m2/repository/org/apache/commons/commons-exec/1.3/commons-exec-1.3.jar:/Users/alexandergonzalezfernandez/.m2/repository/com/google/guava/guava/25.0-jre/guava-25.0-jre.jar:/Users/alexandergonzalezfernandez/.m2/repository/com/google/code/findbugs/jsr305/1.3.9/jsr305-1.3.9.jar:/Users/alexandergonzalezfernandez/.m2/repository/org/checkerframework/checker-compat-qual/2.0.0/checker-compat-qual-2.0.0.jar:/Users/alexandergonzalezfernandez/.m2/repository/com/google/errorprone/error_prone_annotations/2.1.3/error_prone_annotations-2.1.3.jar:/Users/alexandergonzalezfernandez/.m2/repository/com/google/j2objc/j2objc-annotations/1.1/j2objc-annotations-1.1.jar:/Users/alexandergonzalezfernandez/.m2/repository/org/codehaus/mojo/animal-sniffer-annotations/1.14/animal-sniffer-annotations-1.14.jar:/Users/alexandergonzalezfernandez/.m2/repository/com/squareup/okhttp3/okhttp/3.11.0/okhttp-3.11.0.jar:/Users/alexandergonzalezfernandez/.m2/repository/com/squareup/okio/okio/1.14.0/okio-1.14.0.jar:/Users/alexandergonzalezfernandez/.m2/repository/io/github/bonigarcia/webdrivermanager/4.2.2/webdrivermanager-4.2.2.jar:/Users/alexandergonzalezfernandez/.m2/repository/org/slf4j/slf4j-api/1.7.30/slf4j-api-1.7.30.jar:/Users/alexandergonzalezfernandez/.m2/repository/commons-io/commons-io/2.8.0/commons-io-2.8.0.jar:/Users/alexandergonzalezfernandez/.m2/repository/org/apache/commons/commons-lang3/3.11/commons-lang3-3.11.jar:/Users/alexandergonzalezfernandez/.m2/repository/org/apache/httpcomponents/client5/httpclient5/5.0.1/httpclient5-5.0.1.jar:/Users/alexandergonzalezfernandez/.m2/repository/org/apache/httpcomponents/core5/httpcore5/5.0.1/httpcore5-5.0.1.jar:/Users/alexandergonzalezfernandez/.m2/repository/org/apache/httpcomponents/core5/httpcore5-h2/5.0.1/httpcore5-h2-5.0.1.jar:/Users/alexandergonzalezfernandez/.m2/repository/commons-codec/commons-codec/1.13/commons-codec-1.13.jar:/Users/alexandergonzalezfernandez/.m2/repository/org/rauschig/jarchivelib/1.1.0/jarchivelib-1.1.0.jar:/Users/alexandergonzalezfernandez/.m2/repository/org/apache/commons/commons-compress/1.20/commons-compress-1.20.jar:/Users/alexandergonzalezfernandez/.m2/repository/org/jsoup/jsoup/1.13.1/jsoup-1.13.1.jar:/Users/alexandergonzalezfernandez/.m2/repository/com/google/code/gson/gson/2.8.6/gson-2.8.6.jar:/Users/alexandergonzalezfernandez/.m2/repository/io/qameta/allure/allure-testng/2.13.3/allure-testng-2.13.3.jar:/Users/alexandergonzalezfernandez/.m2/repository/io/qameta/allure/allure-java-commons/2.13.3/allure-java-commons-2.13.3.jar:/Users/alexandergonzalezfernandez/.m2/repository/io/qameta/allure/allure-model/2.13.3/allure-model-2.13.3.jar:/Users/alexandergonzalezfernandez/.m2/repository/com/fasterxml/jackson/core/jackson-databind/2.9.8/jackson-databind-2.9.8.jar:/Users/alexandergonzalezfernandez/.m2/repository/com/fasterxml/jackson/core/jackson-annotations/2.9.0/jackson-annotations-2.9.0.jar:/Users/alexandergonzalezfernandez/.m2/repository/com/fasterxml/jackson/core/jackson-core/2.9.8/jackson-core-2.9.8.jar:/Users/alexandergonzalezfernandez/.m2/repository/org/apache/tika/tika-core/1.20/tika-core-1.20.jar:/Users/alexandergonzalezfernandez/.m2/repository/org/jooq/joor-java-8/0.9.10/joor-java-8-0.9.10.jar:/Users/alexandergonzalezfernandez/.m2/repository/org/apache/maven/surefire/surefire-testng-utils/2.22.0/surefire-testng-utils-2.22.0.jar:/Users/alexandergonzalezfernandez/.m2/repository/org/apache/maven/surefire/surefire-grouper/2.22.0/surefire-grouper-2.22.0.jar:/Users/alexandergonzalezfernandez/.m2/repository/org/apache/maven/surefire/surefire-testng/2.22.0/surefire-testng-2.22.0.jar:/Users/alexandergonzalezfernandez/.m2/repository/org/apache/maven/surefire/common-java5/2.22.0/common-java5-2.22.0.jar"/>
    <property name="java.vm.vendor" value="Oracle Corporation"/>
    <property name="sun.arch.data.model" value="64"/>
    <property name="java.vendor.url" value="https://openjdk.java.net/"/>
    <property name="os.name" value="Mac OS X"/>
    <property name="java.vm.specification.version" value="13"/>
    <property name="sun.java.launcher" value="SUN_STANDARD"/>
    <property name="user.country" value="CR"/>
    <property name="sun.boot.library.path" value="/usr/local/Cellar/openjdk/13.0.2+8_2/libexec/openjdk.jdk/Contents/Home/lib"/>
    <property name="sun.java.command" value="org.apache.maven.surefire.booter.ForkedBooter /Users/alexandergonzalezfernandez/Automation101-3Periodo2020/DemoCart-Framework/target/surefire 2020-10-22T15-57-18_584-jvmRun1 surefire2578505680937532818tmp surefire_015651048368483872696tmp"/>
    <property name="http.nonProxyHosts" value="local|*.local|169.254/16|*.169.254/16"/>
    <property name="jdk.debug" value="release"/>
    <property name="surefire.test.class.path" value="/Users/alexandergonzalezfernandez/Automation101-3Periodo2020/DemoCart-Framework/target/test-classes:/Users/alexandergonzalezfernandez/Automation101-3Periodo2020/DemoCart-Framework/target/classes:/Users/alexandergonzalezfernandez/.m2/repository/org/testng/testng/7.3.0/testng-7.3.0.jar:/Users/alexandergonzalezfernandez/.m2/repository/com/beust/jcommander/1.78/jcommander-1.78.jar:/Users/alexandergonzalezfernandez/.m2/repository/org/apache/ant/ant/1.10.3/ant-1.10.3.jar:/Users/alexandergonzalezfernandez/.m2/repository/org/apache/ant/ant-launcher/1.10.3/ant-launcher-1.10.3.jar:/Users/alexandergonzalezfernandez/.m2/repository/junit/junit/4.12/junit-4.12.jar:/Users/alexandergonzalezfernandez/.m2/repository/org/hamcrest/hamcrest-core/1.3/hamcrest-core-1.3.jar:/Users/alexandergonzalezfernandez/.m2/repository/com/google/inject/guice/4.2.2/guice-4.2.2-no_aop.jar:/Users/alexandergonzalezfernandez/.m2/repository/javax/inject/javax.inject/1/javax.inject-1.jar:/Users/alexandergonzalezfernandez/.m2/repository/aopalliance/aopalliance/1.0/aopalliance-1.0.jar:/Users/alexandergonzalezfernandez/.m2/repository/org/yaml/snakeyaml/1.21/snakeyaml-1.21.jar:/Users/alexandergonzalezfernandez/.m2/repository/org/seleniumhq/selenium/selenium-java/3.141.59/selenium-java-3.141.59.jar:/Users/alexandergonzalezfernandez/.m2/repository/org/seleniumhq/selenium/selenium-api/3.141.59/selenium-api-3.141.59.jar:/Users/alexandergonzalezfernandez/.m2/repository/org/seleniumhq/selenium/selenium-chrome-driver/3.141.59/selenium-chrome-driver-3.141.59.jar:/Users/alexandergonzalezfernandez/.m2/repository/org/seleniumhq/selenium/selenium-edge-driver/3.141.59/selenium-edge-driver-3.141.59.jar:/Users/alexandergonzalezfernandez/.m2/repository/org/seleniumhq/selenium/selenium-firefox-driver/3.141.59/selenium-firefox-driver-3.141.59.jar:/Users/alexandergonzalezfernandez/.m2/repository/org/seleniumhq/selenium/selenium-ie-driver/3.141.59/selenium-ie-driver-3.141.59.jar:/Users/alexandergonzalezfernandez/.m2/repository/org/seleniumhq/selenium/selenium-opera-driver/3.141.59/selenium-opera-driver-3.141.59.jar:/Users/alexandergonzalezfernandez/.m2/repository/org/seleniumhq/selenium/selenium-remote-driver/3.141.59/selenium-remote-driver-3.141.59.jar:/Users/alexandergonzalezfernandez/.m2/repository/org/seleniumhq/selenium/selenium-safari-driver/3.141.59/selenium-safari-driver-3.141.59.jar:/Users/alexandergonzalezfernandez/.m2/repository/org/seleniumhq/selenium/selenium-support/3.141.59/selenium-support-3.141.59.jar:/Users/alexandergonzalezfernandez/.m2/repository/net/bytebuddy/byte-buddy/1.8.15/byte-buddy-1.8.15.jar:/Users/alexandergonzalezfernandez/.m2/repository/org/apache/commons/commons-exec/1.3/commons-exec-1.3.jar:/Users/alexandergonzalezfernandez/.m2/repository/com/google/guava/guava/25.0-jre/guava-25.0-jre.jar:/Users/alexandergonzalezfernandez/.m2/repository/com/google/code/findbugs/jsr305/1.3.9/jsr305-1.3.9.jar:/Users/alexandergonzalezfernandez/.m2/repository/org/checkerframework/checker-compat-qual/2.0.0/checker-compat-qual-2.0.0.jar:/Users/alexandergonzalezfernandez/.m2/repository/com/google/errorprone/error_prone_annotations/2.1.3/error_prone_annotations-2.1.3.jar:/Users/alexandergonzalezfernandez/.m2/repository/com/google/j2objc/j2objc-annotations/1.1/j2objc-annotations-1.1.jar:/Users/alexandergonzalezfernandez/.m2/repository/org/codehaus/mojo/animal-sniffer-annotations/1.14/animal-sniffer-annotations-1.14.jar:/Users/alexandergonzalezfernandez/.m2/repository/com/squareup/okhttp3/okhttp/3.11.0/okhttp-3.11.0.jar:/Users/alexandergonzalezfernandez/.m2/repository/com/squareup/okio/okio/1.14.0/okio-1.14.0.jar:/Users/alexandergonzalezfernandez/.m2/repository/io/github/bonigarcia/webdrivermanager/4.2.2/webdrivermanager-4.2.2.jar:/Users/alexandergonzalezfernandez/.m2/repository/org/slf4j/slf4j-api/1.7.30/slf4j-api-1.7.30.jar:/Users/alexandergonzalezfernandez/.m2/repository/commons-io/commons-io/2.8.0/commons-io-2.8.0.jar:/Users/alexandergonzalezfernandez/.m2/repository/org/apache/commons/commons-lang3/3.11/commons-lang3-3.11.jar:/Users/alexandergonzalezfernandez/.m2/repository/org/apache/httpcomponents/client5/httpclient5/5.0.1/httpclient5-5.0.1.jar:/Users/alexandergonzalezfernandez/.m2/repository/org/apache/httpcomponents/core5/httpcore5/5.0.1/httpcore5-5.0.1.jar:/Users/alexandergonzalezfernandez/.m2/repository/org/apache/httpcomponents/core5/httpcore5-h2/5.0.1/httpcore5-h2-5.0.1.jar:/Users/alexandergonzalezfernandez/.m2/repository/commons-codec/commons-codec/1.13/commons-codec-1.13.jar:/Users/alexandergonzalezfernandez/.m2/repository/org/rauschig/jarchivelib/1.1.0/jarchivelib-1.1.0.jar:/Users/alexandergonzalezfernandez/.m2/repository/org/apache/commons/commons-compress/1.20/commons-compress-1.20.jar:/Users/alexandergonzalezfernandez/.m2/repository/org/jsoup/jsoup/1.13.1/jsoup-1.13.1.jar:/Users/alexandergonzalezfernandez/.m2/repository/com/google/code/gson/gson/2.8.6/gson-2.8.6.jar:/Users/alexandergonzalezfernandez/.m2/repository/io/qameta/allure/allure-testng/2.13.3/allure-testng-2.13.3.jar:/Users/alexandergonzalezfernandez/.m2/repository/io/qameta/allure/allure-java-commons/2.13.3/allure-java-commons-2.13.3.jar:/Users/alexandergonzalezfernandez/.m2/repository/io/qameta/allure/allure-model/2.13.3/allure-model-2.13.3.jar:/Users/alexandergonzalezfernandez/.m2/repository/com/fasterxml/jackson/core/jackson-databind/2.9.8/jackson-databind-2.9.8.jar:/Users/alexandergonzalezfernandez/.m2/repository/com/fasterxml/jackson/core/jackson-annotations/2.9.0/jackson-annotations-2.9.0.jar:/Users/alexandergonzalezfernandez/.m2/repository/com/fasterxml/jackson/core/jackson-core/2.9.8/jackson-core-2.9.8.jar:/Users/alexandergonzalezfernandez/.m2/repository/org/apache/tika/tika-core/1.20/tika-core-1.20.jar:/Users/alexandergonzalezfernandez/.m2/repository/org/jooq/joor-java-8/0.9.10/joor-java-8-0.9.10.jar:/Users/alexandergonzalezfernandez/.m2/repository/org/apache/maven/surefire/surefire-testng-utils/2.22.0/surefire-testng-utils-2.22.0.jar:/Users/alexandergonzalezfernandez/.m2/repository/org/apache/maven/surefire/surefire-grouper/2.22.0/surefire-grouper-2.22.0.jar:"/>
    <property name="sun.cpu.endian" value="little"/>
    <property name="user.home" value="/Users/alexandergonzalezfernandez"/>
    <property name="user.language" value="es"/>
    <property name="java.specification.vendor" value="Oracle Corporation"/>
    <property name="java.version.date" value="2020-01-14"/>
    <property name="java.home" value="/usr/local/Cellar/openjdk/13.0.2+8_2/libexec/openjdk.jdk/Contents/Home"/>
    <property name="file.separator" value="/"/>
    <property name="basedir" value="/Users/alexandergonzalezfernandez/Automation101-3Periodo2020/DemoCart-Framework"/>
    <property name="java.vm.compressedOopsMode" value="Zero based"/>
    <property name="line.separator" value="&#10;"/>
    <property name="java.specification.name" value="Java Platform API Specification"/>
    <property name="java.vm.specification.vendor" value="Oracle Corporation"/>
    <property name="sun.management.compiler" value="HotSpot 64-Bit Tiered Compilers"/>
    <property name="ftp.nonProxyHosts" value="local|*.local|169.254/16|*.169.254/16"/>
    <property name="java.runtime.version" value="13.0.2+8"/>
    <property name="user.name" value="alexandergonzalezfernandez"/>
    <property name="path.separator" value=":"/>
    <property name="os.version" value="10.15.2"/>
    <property name="java.runtime.name" value="OpenJDK Runtime Environment"/>
    <property name="file.encoding" value="US-ASCII"/>
    <property name="java.vm.name" value="OpenJDK 64-Bit Server VM"/>
    <property name="localRepository" value="/Users/alexandergonzalezfernandez/.m2/repository"/>
    <property name="java.vendor.url.bug" value="https://bugreport.java.com/bugreport/"/>
    <property name="java.io.tmpdir" value="/var/folders/k_/m009fgk514b3c757869l27_00000gn/T/"/>
    <property name="java.version" value="13.0.2"/>
    <property name="user.dir" value="/Users/alexandergonzalezfernandez/Automation101-3Periodo2020/DemoCart-Framework"/>
    <property name="os.arch" value="x86_64"/>
    <property name="java.vm.specification.name" value="Java Virtual Machine Specification"/>
    <property name="java.library.path" value="/Users/alexandergonzalezfernandez/Library/Java/Extensions:/Library/Java/Extensions:/Network/Library/Java/Extensions:/System/Library/Java/Extensions:/usr/lib/java:."/>
    <property name="java.vm.info" value="mixed mode, sharing"/>
    <property name="java.vendor" value="N/A"/>
    <property name="java.vm.version" value="13.0.2+8"/>
    <property name="sun.io.unicode.encoding" value="UnicodeBig"/>
    <property name="socksNonProxyHosts" value="local|*.local|169.254/16|*.169.254/16"/>
    <property name="java.class.version" value="57.0"/>
  </properties>
  <testcase name="doLogin" classname="Tests.LoginTest" time="7.777"/>
  <testcase name="doLogin" classname="Tests.LoginTest" time="2.451"/>
  <testcase name="doNotAllowUsersToLogin" classname="Tests.LoginTest" time="8.161">
    <failure message="expected [false] but found [true]" type="java.lang.AssertionError">java.lang.AssertionError: expected [false] but found [true]
	at Tests.LoginTest.doNotAllowUsersToLogin(LoginTest.java:65)
</failure>
    <system-err><![CDATA[Starting ChromeDriver 86.0.4240.22 (398b0743353ff36fb1b82468f63a3a93b4e2e89e-refs/branch-heads/4240@{#378}) on port 35304
Only local connections are allowed.
Please see https://chromedriver.chromium.org/security-considerations for suggestions on keeping ChromeDriver safe.
ChromeDriver was started successfully.
oct. 22, 2020 3:57:35 P.?M. org.openqa.selenium.remote.ProtocolHandshake createSession
INFORMACI?N: Detected dialect: W3C
]]></system-err>
  </testcase>
  <testcase name="addItemToCartAsAnonymous" classname="Tests.CartTest" time="3.213"/>
</testsuite>