<?xml version="1.0" encoding="UTF-8"?>
<!-- Generated by org.testng.reporters.JUnitReportReporter -->
<testsuite hostname="Alexanders-MBP" failures="0" tests="1" name="LoginTest" time="13.144" errors="0" timestamp="2020-10-05T17:29:08 CST" skipped="0">
  <testcase classname="LoginTest" name="doLogin" time="13.144"/>
  <system-out/>
</testsuite> <!-- LoginTest -->
