<?xml version="1.0" encoding="UTF-8"?>
<!-- Generated by org.testng.reporters.JUnitReportReporter -->
<testsuite hostname="Alexanders-MacBook-Pro.local" failures="0" tests="1" name="LoginTest" time="2.665" errors="0" timestamp="2020-10-04T07:27:02 CST" skipped="0">
  <testcase classname="LoginTest" name="doLogin" time="2.665"/>
  <system-out/>
</testsuite> <!-- LoginTest -->
