<?xml version="1.0" encoding="UTF-8"?>
<!-- Generated by org.testng.reporters.JUnitReportReporter -->
<testsuite hostname="Alexanders-MBP" failures="0" tests="1" name="Tests.LoginTest" time="8.355" errors="0" timestamp="2020-10-05T19:31:43 CST" skipped="0">
  <testcase classname="Tests.LoginTest" name="doLogin" time="8.355"/>
  <system-out/>
</testsuite> <!-- Tests.LoginTest -->
