<?xml version="1.0" encoding="UTF-8"?>
<!-- Generated by org.testng.reporters.JUnitReportReporter -->
<testsuite hostname="Alexanders-MacBook-Pro.local" failures="0" tests="1" name="Tests.LoginTest" time="2.651" errors="0" timestamp="2020-10-12T16:18:12 CST" skipped="0">
  <testcase classname="Tests.LoginTest" name="doLogin" time="2.651"/>
  <system-out/>
</testsuite> <!-- Tests.LoginTest -->
