<?xml version="1.0" encoding="UTF-8"?>
<!-- Generated by org.testng.reporters.JUnitReportReporter -->
<testsuite hostname="Alexanders-MacBook-Pro.local" failures="0" tests="1" name="Tests.CartTest" time="4.215" errors="0" timestamp="2020-10-22T15:57:53 CST" skipped="0">
  <testcase classname="Tests.CartTest" name="addItemToCartAsAnonymous" time="4.215"/>
  <system-out/>
</testsuite> <!-- Tests.CartTest -->
