<?xml version="1.0" encoding="UTF-8"?>
<!-- Generated by org.testng.reporters.JUnitReportReporter -->
<testsuite hostname="Alexanders-MacBook-Pro.local" failures="0" tests="1" name="Tests.LoginTest" time="3.605" errors="0" timestamp="2020-10-08T19:21:10 CST" skipped="0">
  <testcase classname="Tests.LoginTest" name="doLogin" time="3.605"/>
  <system-out/>
</testsuite> <!-- Tests.LoginTest -->
